<?xml version="1.0" encoding="UTF-8"?>
<testsuite xmlns:xsi="http://www.w3.org/2001/XMLSchema-instance" xsi:noNamespaceSchemaLocation="https://maven.apache.org/surefire/maven-surefire-plugin/xsd/surefire-test-report.xsd" name="stockportfolio.PortfolioTest" time="0.852" tests="1" errors="0" skipped="0" failures="0">
  <properties>
    <property name="sun.desktop" value="gnome"/>
    <property name="awt.toolkit" value="sun.awt.X11.XToolkit"/>
    <property name="java.specification.version" value="11"/>
    <property name="sun.cpu.isalist" value=""/>
    <property name="sun.jnu.encoding" value="UTF-8"/>
    <property name="java.class.path" value="/home/vascomfaria/UA-LEI/TQS_107323/lab2/Lab2_1StocksPortfolio/lab2_1/target/test-classes:/home/vascomfaria/UA-LEI/TQS_107323/lab2/Lab2_1StocksPortfolio/lab2_1/target/classes:/home/vascomfaria/.m2/repository/org/junit/jupiter/junit-jupiter/5.9.2/junit-jupiter-5.9.2.jar:/home/vascomfaria/.m2/repository/org/junit/jupiter/junit-jupiter-api/5.9.2/junit-jupiter-api-5.9.2.jar:/home/vascomfaria/.m2/repository/org/opentest4j/opentest4j/1.2.0/opentest4j-1.2.0.jar:/home/vascomfaria/.m2/repository/org/junit/platform/junit-platform-commons/1.9.2/junit-platform-commons-1.9.2.jar:/home/vascomfaria/.m2/repository/org/apiguardian/apiguardian-api/1.1.2/apiguardian-api-1.1.2.jar:/home/vascomfaria/.m2/repository/org/junit/jupiter/junit-jupiter-params/5.9.2/junit-jupiter-params-5.9.2.jar:/home/vascomfaria/.m2/repository/org/junit/jupiter/junit-jupiter-engine/5.9.2/junit-jupiter-engine-5.9.2.jar:/home/vascomfaria/.m2/repository/org/junit/platform/junit-platform-engine/1.9.2/junit-platform-engine-1.9.2.jar:/home/vascomfaria/.m2/repository/org/mockito/mockito-junit-jupiter/5.9.0/mockito-junit-jupiter-5.9.0.jar:/home/vascomfaria/.m2/repository/org/mockito/mockito-core/5.9.0/mockito-core-5.9.0.jar:/home/vascomfaria/.m2/repository/net/bytebuddy/byte-buddy-agent/1.14.11/byte-buddy-agent-1.14.11.jar:/home/vascomfaria/.m2/repository/org/objenesis/objenesis/3.3/objenesis-3.3.jar:/home/vascomfaria/.m2/repository/org/hamcrest/hamcrest-core/2.2/hamcrest-core-2.2.jar:/home/vascomfaria/.m2/repository/org/hamcrest/hamcrest/2.2/hamcrest-2.2.jar:/home/vascomfaria/.m2/repository/org/assertj/assertj-core/3.25.3/assertj-core-3.25.3.jar:/home/vascomfaria/.m2/repository/net/bytebuddy/byte-buddy/1.14.11/byte-buddy-1.14.11.jar:"/>
    <property name="java.vm.vendor" value="Ubuntu"/>
    <property name="sun.arch.data.model" value="64"/>
    <property name="java.vendor.url" value="https://ubuntu.com/"/>
    <property name="user.timezone" value=""/>
    <property name="java.vm.specification.version" value="11"/>
    <property name="os.name" value="Linux"/>
    <property name="sun.java.launcher" value="SUN_STANDARD"/>
    <property name="user.country" value="IN"/>
    <property name="sun.boot.library.path" value="/usr/lib/jvm/java-11-openjdk-amd64/lib"/>
    <property name="sun.java.command" value="/home/vascomfaria/UA-LEI/TQS_107323/lab2/Lab2_1StocksPortfolio/lab2_1/target/surefire/surefirebooter1923208729991506475.jar /home/vascomfaria/UA-LEI/TQS_107323/lab2/Lab2_1StocksPortfolio/lab2_1/target/surefire 2024-02-22T19-30-36_386-jvmRun1 surefire17384769548445601289tmp surefire_015505697004975510567tmp"/>
    <property name="jdk.debug" value="release"/>
    <property name="surefire.test.class.path" value="/home/vascomfaria/UA-LEI/TQS_107323/lab2/Lab2_1StocksPortfolio/lab2_1/target/test-classes:/home/vascomfaria/UA-LEI/TQS_107323/lab2/Lab2_1StocksPortfolio/lab2_1/target/classes:/home/vascomfaria/.m2/repository/org/junit/jupiter/junit-jupiter/5.9.2/junit-jupiter-5.9.2.jar:/home/vascomfaria/.m2/repository/org/junit/jupiter/junit-jupiter-api/5.9.2/junit-jupiter-api-5.9.2.jar:/home/vascomfaria/.m2/repository/org/opentest4j/opentest4j/1.2.0/opentest4j-1.2.0.jar:/home/vascomfaria/.m2/repository/org/junit/platform/junit-platform-commons/1.9.2/junit-platform-commons-1.9.2.jar:/home/vascomfaria/.m2/repository/org/apiguardian/apiguardian-api/1.1.2/apiguardian-api-1.1.2.jar:/home/vascomfaria/.m2/repository/org/junit/jupiter/junit-jupiter-params/5.9.2/junit-jupiter-params-5.9.2.jar:/home/vascomfaria/.m2/repository/org/junit/jupiter/junit-jupiter-engine/5.9.2/junit-jupiter-engine-5.9.2.jar:/home/vascomfaria/.m2/repository/org/junit/platform/junit-platform-engine/1.9.2/junit-platform-engine-1.9.2.jar:/home/vascomfaria/.m2/repository/org/mockito/mockito-junit-jupiter/5.9.0/mockito-junit-jupiter-5.9.0.jar:/home/vascomfaria/.m2/repository/org/mockito/mockito-core/5.9.0/mockito-core-5.9.0.jar:/home/vascomfaria/.m2/repository/net/bytebuddy/byte-buddy-agent/1.14.11/byte-buddy-agent-1.14.11.jar:/home/vascomfaria/.m2/repository/org/objenesis/objenesis/3.3/objenesis-3.3.jar:/home/vascomfaria/.m2/repository/org/hamcrest/hamcrest-core/2.2/hamcrest-core-2.2.jar:/home/vascomfaria/.m2/repository/org/hamcrest/hamcrest/2.2/hamcrest-2.2.jar:/home/vascomfaria/.m2/repository/org/assertj/assertj-core/3.25.3/assertj-core-3.25.3.jar:/home/vascomfaria/.m2/repository/net/bytebuddy/byte-buddy/1.14.11/byte-buddy-1.14.11.jar:"/>
    <property name="sun.cpu.endian" value="little"/>
    <property name="user.home" value="/home/vascomfaria"/>
    <property name="user.language" value="en"/>
    <property name="java.specification.vendor" value="Oracle Corporation"/>
    <property name="java.version.date" value="2023-10-17"/>
    <property name="java.home" value="/usr/lib/jvm/java-11-openjdk-amd64"/>
    <property name="file.separator" value="/"/>
    <property name="basedir" value="/home/vascomfaria/UA-LEI/TQS_107323/lab2/Lab2_1StocksPortfolio/lab2_1"/>
    <property name="java.vm.compressedOopsMode" value="Zero based"/>
    <property name="line.separator" value="&#10;"/>
    <property name="java.specification.name" value="Java Platform API Specification"/>
    <property name="java.vm.specification.vendor" value="Oracle Corporation"/>
    <property name="java.awt.graphicsenv" value="sun.awt.X11GraphicsEnvironment"/>
    <property name="surefire.real.class.path" value="/home/vascomfaria/UA-LEI/TQS_107323/lab2/Lab2_1StocksPortfolio/lab2_1/target/surefire/surefirebooter1923208729991506475.jar"/>
    <property name="sun.management.compiler" value="HotSpot 64-Bit Tiered Compilers"/>
    <property name="java.runtime.version" value="11.0.21+9-post-Ubuntu-0ubuntu122.04"/>
    <property name="user.name" value="vascomfaria"/>
    <property name="path.separator" value=":"/>
    <property name="os.version" value="6.5.0-18-generic"/>
    <property name="java.runtime.name" value="OpenJDK Runtime Environment"/>
    <property name="file.encoding" value="UTF-8"/>
    <property name="java.vm.name" value="OpenJDK 64-Bit Server VM"/>
    <property name="localRepository" value="/home/vascomfaria/.m2/repository"/>
    <property name="java.vendor.url.bug" value="https://bugs.launchpad.net/ubuntu/+source/openjdk-lts"/>
    <property name="java.io.tmpdir" value="/tmp"/>
    <property name="java.version" value="11.0.21"/>
    <property name="user.dir" value="/home/vascomfaria/UA-LEI/TQS_107323/lab2/Lab2_1StocksPortfolio/lab2_1"/>
    <property name="os.arch" value="amd64"/>
    <property name="java.vm.specification.name" value="Java Virtual Machine Specification"/>
    <property name="java.awt.printerjob" value="sun.print.PSPrinterJob"/>
    <property name="sun.os.patch.level" value="unknown"/>
    <property name="java.library.path" value="/usr/java/packages/lib:/usr/lib/x86_64-linux-gnu/jni:/lib/x86_64-linux-gnu:/usr/lib/x86_64-linux-gnu:/usr/lib/jni:/lib:/usr/lib"/>
    <property name="java.vm.info" value="mixed mode, sharing"/>
    <property name="java.vendor" value="Ubuntu"/>
    <property name="java.vm.version" value="11.0.21+9-post-Ubuntu-0ubuntu122.04"/>
    <property name="java.specification.maintenance.version" value="2"/>
    <property name="sun.io.unicode.encoding" value="UnicodeLittle"/>
    <property name="java.class.version" value="55.0"/>
  </properties>
  <testcase name="testTotalValue" classname="stockportfolio.PortfolioTest" time="0.095"/>
</testsuite>